<?xml version="1.0" encoding="UTF-8"?>
<!-- Generated by org.testng.reporters.JUnitXMLReporter -->
<testsuite ignored="0" hostname="HP" failures="0" tests="2" name="Test" time="50.262" errors="0" timestamp="17 Mar 2023 10:41:55 GMT">
  <testcase classname="com.cheapair.stepdefinition.CheapAirStepDefinition" name="enter_travel_air_details" time="6.544"/>
  <testcase classname="com.cheapair.stepdefinition.CheapAirStepDefinition" name="select_air_and_passenger_details" time="35.755"/>
</testsuite> <!-- Test -->
